positions: instr line
events: inuse_space(GB)

ob=(1) /tmp/go-build1386847311/b001/exe/main
fl=(1) /usr/local/go/src/os/file.go
fn=(1) os.ReadFile
0x49eb04 738 1

ob=(1)
fl=(2) /usr/local/go/src/runtime/proc.go
fn=(2) runtime.main
-421770 267 0
cfl=(3) /home/samore/go-path/main.go
cfn=(3) main.main
calls=0 +249704 75
* * 1

ob=(1)
fl=(4) /home/samore/go-path/loader/file.go
fn=(4) github.com/s4more/go-wiki/loader.ReadFile
+671474 12 0
cfl=(1)
cfn=(1)
calls=0 +421770 738
* * 1

ob=(1)
fl=(3)
fn=(3)
* 75 0
cfl=(4)
cfn=(4)
calls=0 * 12
* * 1
